# JRE version: Java(TM) SE Runtime Environment (8.0_191-b12) (build 1.8.0_191-b12)
# Java VM: Java HotSpot(TM) 64-Bit Server VM (25.191-b12 mixed mode windows-amd64 compressed oops)
Heap:
 PSYoungGen      total 75776K, used 63368K [0x00000000d5f00000, 0x00000000ddb80000, 0x0000000100000000)
  eden space 71168K, 88% used [0x00000000d5f00000,0x00000000d9c763d0,0x00000000da480000)
  from space 4608K, 9% used [0x00000000dd280000,0x00000000dd2ec010,0x00000000dd700000)
  to   space 4608K, 0% used [0x00000000dd700000,0x00000000dd700000,0x00000000ddb80000)
 ParOldGen       total 76288K, used 24450K [0x0000000081c00000, 0x0000000086680000, 0x00000000d5f00000)
  object space 76288K, 32% used [0x0000000081c00000,0x00000000833e0920,0x0000000086680000)
 Metaspace       used 45653K, capacity 48460K, committed 48512K, reserved 1091584K
  class space    used 6275K, capacity 6778K, committed 6784K, reserved 1048576K
GC Heap History (10 events):
Event: 38083.200 GC heap before
{Heap before GC invocations=39 (full 2):
 PSYoungGen      total 81920K, used 81808K [0x00000000d5f00000, 0x00000000de500000, 0x0000000100000000)
  eden space 81408K, 100% used [0x00000000d5f00000,0x00000000dae80000,0x00000000dae80000)
  from space 512K, 78% used [0x00000000de480000,0x00000000de4e4010,0x00000000de500000)
  to   space 6144K, 0% used [0x00000000dd900000,0x00000000dd900000,0x00000000ddf00000)
 ParOldGen       total 76288K, used 24450K [0x0000000081c00000, 0x0000000086680000, 0x00000000d5f00000)
  object space 76288K, 32% used [0x0000000081c00000,0x00000000833e0920,0x0000000086680000)
 Metaspace       used 45653K, capacity 48460K, committed 48512K, reserved 1091584K
  class space    used 6275K, capacity 6778K, committed 6784K, reserved 1048576K
Event: 38083.355 GC heap after
Heap after GC invocations=39 (full 2):
 PSYoungGen      total 85504K, used 400K [0x00000000d5f00000, 0x00000000de500000, 0x0000000100000000)
  eden space 79360K, 0% used [0x00000000d5f00000,0x00000000d5f00000,0x00000000dac80000)
  from space 6144K, 6% used [0x00000000dd900000,0x00000000dd964010,0x00000000ddf00000)
  to   space 5632K, 0% used [0x00000000ddf80000,0x00000000ddf80000,0x00000000de500000)
 ParOldGen       total 76288K, used 24450K [0x0000000081c00000, 0x0000000086680000, 0x00000000d5f00000)
  object space 76288K, 32% used [0x0000000081c00000,0x00000000833e0920,0x0000000086680000)
 Metaspace       used 45653K, capacity 48460K, committed 48512K, reserved 1091584K
  class space    used 6275K, capacity 6778K, committed 6784K, reserved 1048576K
}
Event: 39029.056 GC heap before
{Heap before GC invocations=40 (full 2):
 PSYoungGen      total 85504K, used 79760K [0x00000000d5f00000, 0x00000000de500000, 0x0000000100000000)
  eden space 79360K, 100% used [0x00000000d5f00000,0x00000000dac80000,0x00000000dac80000)
  from space 6144K, 6% used [0x00000000dd900000,0x00000000dd964010,0x00000000ddf00000)
  to   space 5632K, 0% used [0x00000000ddf80000,0x00000000ddf80000,0x00000000de500000)
 ParOldGen       total 76288K, used 24450K [0x0000000081c00000, 0x0000000086680000, 0x00000000d5f00000)
  object space 76288K, 32% used [0x0000000081c00000,0x00000000833e0920,0x0000000086680000)
 Metaspace       used 45653K, capacity 48460K, committed 48512K, reserved 1091584K
  class space    used 6275K, capacity 6778K, committed 6784K, reserved 1048576K
Event: 39029.313 GC heap after
Heap after GC invocations=40 (full 2):
 PSYoungGen      total 77824K, used 400K [0x00000000d5f00000, 0x00000000de000000, 0x0000000100000000)
  eden space 77312K, 0% used [0x00000000d5f00000,0x00000000d5f00000,0x00000000daa80000)
  from space 512K, 78% used [0x00000000ddf80000,0x00000000ddfe4010,0x00000000de000000)
  to   space 5120K, 0% used [0x00000000dd600000,0x00000000dd600000,0x00000000ddb00000)
 ParOldGen       total 76288K, used 24450K [0x0000000081c00000, 0x0000000086680000, 0x00000000d5f00000)
  object space 76288K, 32% used [0x0000000081c00000,0x00000000833e0920,0x0000000086680000)
 Metaspace       used 45653K, capacity 48460K, committed 48512K, reserved 1091584K
  class space    used 6275K, capacity 6778K, committed 6784K, reserved 1048576K
}
Event: 39959.792 GC heap before
{Heap before GC invocations=41 (full 2):
 PSYoungGen      total 77824K, used 77712K [0x00000000d5f00000, 0x00000000de000000, 0x0000000100000000)
  eden space 77312K, 100% used [0x00000000d5f00000,0x00000000daa80000,0x00000000daa80000)
  from space 512K, 78% used [0x00000000ddf80000,0x00000000ddfe4010,0x00000000de000000)
  to   space 5120K, 0% used [0x00000000dd600000,0x00000000dd600000,0x00000000ddb00000)
 ParOldGen       total 76288K, used 24450K [0x0000000081c00000, 0x0000000086680000, 0x00000000d5f00000)
  object space 76288K, 32% used [0x0000000081c00000,0x00000000833e0920,0x0000000086680000)
 Metaspace       used 45653K, capacity 48460K, committed 48512K, reserved 1091584K
  class space    used 6275K, capacity 6778K, committed 6784K, reserved 1048576K
Event: 39959.995 GC heap after
Heap after GC invocations=41 (full 2):
 PSYoungGen      total 80384K, used 448K [0x00000000d5f00000, 0x00000000de000000, 0x0000000100000000)
  eden space 75264K, 0% used [0x00000000d5f00000,0x00000000d5f00000,0x00000000da880000)
  from space 5120K, 8% used [0x00000000dd600000,0x00000000dd670000,0x00000000ddb00000)
  to   space 5120K, 0% used [0x00000000ddb00000,0x00000000ddb00000,0x00000000de000000)
 ParOldGen       total 76288K, used 24450K [0x0000000081c00000, 0x0000000086680000, 0x00000000d5f00000)
  object space 76288K, 32% used [0x0000000081c00000,0x00000000833e0920,0x0000000086680000)
 Metaspace       used 45653K, capacity 48460K, committed 48512K, reserved 1091584K
  class space    used 6275K, capacity 6778K, committed 6784K, reserved 1048576K
}
Event: 40860.376 GC heap before
{Heap before GC invocations=42 (full 2):
 PSYoungGen      total 80384K, used 75712K [0x00000000d5f00000, 0x00000000de000000, 0x0000000100000000)
  eden space 75264K, 100% used [0x00000000d5f00000,0x00000000da880000,0x00000000da880000)
  from space 5120K, 8% used [0x00000000dd600000,0x00000000dd670000,0x00000000ddb00000)
  to   space 5120K, 0% used [0x00000000ddb00000,0x00000000ddb00000,0x00000000de000000)
 ParOldGen       total 76288K, used 24450K [0x0000000081c00000, 0x0000000086680000, 0x00000000d5f00000)
  object space 76288K, 32% used [0x0000000081c00000,0x00000000833e0920,0x0000000086680000)
 Metaspace       used 45653K, capacity 48460K, committed 48512K, reserved 1091584K
  class space    used 6275K, capacity 6778K, committed 6784K, reserved 1048576K
Event: 40860.584 GC heap after
Heap after GC invocations=42 (full 2):
 PSYoungGen      total 73728K, used 400K [0x00000000d5f00000, 0x00000000ddb80000, 0x0000000100000000)
  eden space 73216K, 0% used [0x00000000d5f00000,0x00000000d5f00000,0x00000000da680000)
  from space 512K, 78% used [0x00000000ddb00000,0x00000000ddb64010,0x00000000ddb80000)
  to   space 4608K, 0% used [0x00000000dd280000,0x00000000dd280000,0x00000000dd700000)
 ParOldGen       total 76288K, used 24450K [0x0000000081c00000, 0x0000000086680000, 0x00000000d5f00000)
  object space 76288K, 32% used [0x0000000081c00000,0x00000000833e0920,0x0000000086680000)
 Metaspace       used 45653K, capacity 48460K, committed 48512K, reserved 1091584K
  class space    used 6275K, capacity 6778K, committed 6784K, reserved 1048576K
}
Event: 41736.805 GC heap before
{Heap before GC invocations=43 (full 2):
 PSYoungGen      total 73728K, used 73614K [0x00000000d5f00000, 0x00000000ddb80000, 0x0000000100000000)
  eden space 73216K, 99% used [0x00000000d5f00000,0x00000000da67f820,0x00000000da680000)
  from space 512K, 78% used [0x00000000ddb00000,0x00000000ddb64010,0x00000000ddb80000)
  to   space 4608K, 0% used [0x00000000dd280000,0x00000000dd280000,0x00000000dd700000)
 ParOldGen       total 76288K, used 24450K [0x0000000081c00000, 0x0000000086680000, 0x00000000d5f00000)
  object space 76288K, 32% used [0x0000000081c00000,0x00000000833e0920,0x0000000086680000)
 Metaspace       used 45653K, capacity 48460K, committed 48512K, reserved 1091584K
  class space    used 6275K, capacity 6778K, committed 6784K, reserved 1048576K
Event: 41737.008 GC heap after
Heap after GC invocations=43 (full 2):
 PSYoungGen      total 75776K, used 432K [0x00000000d5f00000, 0x00000000ddb80000, 0x0000000100000000)
  eden space 71168K, 0% used [0x00000000d5f00000,0x00000000d5f00000,0x00000000da480000)
  from space 4608K, 9% used [0x00000000dd280000,0x00000000dd2ec010,0x00000000dd700000)
  to   space 4608K, 0% used [0x00000000dd700000,0x00000000dd700000,0x00000000ddb80000)
 ParOldGen       total 76288K, used 24450K [0x0000000081c00000, 0x0000000086680000, 0x00000000d5f00000)
  object space 76288K, 32% used [0x0000000081c00000,0x00000000833e0920,0x0000000086680000)
 Metaspace       used 45653K, capacity 48460K, committed 48512K, reserved 1091584K
  class space    used 6275K, capacity 6778K, committed 6784K, reserved 1048576K
}

